This file contains any messages produced by compilers while
running configure, to aid debugging if configure makes a mistake.

It was created by nova configure 0.1, which was
generated by GNU Autoconf 2.69.  Invocation command line was

  $ ./configure --no-create --no-recursion

## --------- ##
## Platform. ##
## --------- ##

hostname = Sriharis-MacBook-Pro.local
uname -m = x86_64
uname -r = 19.6.0
uname -s = Darwin
uname -v = Darwin Kernel Version 19.6.0: Thu Jun 18 20:49:00 PDT 2020; root:xnu-6153.141.1~1/RELEASE_X86_64

/usr/bin/uname -p = i386
/bin/uname -X     = unknown

/bin/arch              = unknown
/usr/bin/arch -k       = unknown
/usr/convex/getsysinfo = unknown
/usr/bin/hostinfo      = Mach kernel version:
	 Darwin Kernel Version 19.6.0: Thu Jun 18 20:49:00 PDT 2020; root:xnu-6153.141.1~1/RELEASE_X86_64
Kernel configured for up to 8 processors.
4 processors are physically available.
8 processors are logically available.
Processor type: x86_64h (Intel x86-64h Haswell)
Processors active: 0 1 2 3 4 5 6 7
Primary memory available: 8.00 gigabytes
Default processor set: 383 tasks, 1973 threads, 8 processors
Load average: 2.80, Mach factor: 5.19
/bin/machine           = unknown
/usr/bin/oslevel       = unknown
/bin/universe          = unknown

PATH: /usr/local/bin
PATH: /usr/bin
PATH: /bin
PATH: /usr/sbin
PATH: /sbin
PATH: /usr/local/share/dotnet
PATH: ~/.dotnet/tools
PATH: /Library/Apple/usr/bin
PATH: /Library/Frameworks/Mono.framework/Versions/Current/Commands


## ----------- ##
## Core tests. ##
## ----------- ##

configure:2094: checking for a BSD-compatible install
configure:2162: result: /usr/bin/install -c
configure:2173: checking whether build environment is sane
configure:2228: result: yes
configure:2379: checking for a thread-safe mkdir -p
configure:2418: result: config/install-sh -c -d
configure:2425: checking for gawk
configure:2455: result: no
configure:2425: checking for mawk
configure:2455: result: no
configure:2425: checking for nawk
configure:2455: result: no
configure:2425: checking for awk
configure:2441: found /usr/bin/awk
configure:2452: result: awk
configure:2463: checking whether make sets $(MAKE)
configure:2485: result: yes
configure:2514: checking whether make supports nested variables
configure:2531: result: yes
configure:2709: checking for gcc
configure:2725: found /usr/bin/gcc
configure:2736: result: gcc
configure:2965: checking for C compiler version
configure:2974: gcc --version >&5
Apple clang version 12.0.0 (clang-1200.0.32.2)
Target: x86_64-apple-darwin19.6.0
Thread model: posix
InstalledDir: /Applications/Xcode.app/Contents/Developer/Toolchains/XcodeDefault.xctoolchain/usr/bin
Configured with: --prefix=/Applications/Xcode.app/Contents/Developer/usr --with-gxx-include-dir=/Applications/Xcode.app/Contents/Developer/Platforms/MacOSX.platform/Developer/SDKs/MacOSX.sdk/usr/include/c++/4.2.1
configure:2985: $? = 0
configure:2974: gcc -v >&5
Configured with: --prefix=/Applications/Xcode.app/Contents/Developer/usr --with-gxx-include-dir=/Applications/Xcode.app/Contents/Developer/Platforms/MacOSX.platform/Developer/SDKs/MacOSX.sdk/usr/include/c++/4.2.1
Apple clang version 12.0.0 (clang-1200.0.32.2)
Target: x86_64-apple-darwin19.6.0
Thread model: posix
InstalledDir: /Applications/Xcode.app/Contents/Developer/Toolchains/XcodeDefault.xctoolchain/usr/bin
configure:2985: $? = 0
configure:2974: gcc -V >&5
clang: error: argument to '-V' is missing (expected 1 value)
clang: error: no input files
configure:2985: $? = 1
configure:2974: gcc -qversion >&5
clang: error: unknown argument '-qversion'; did you mean '--version'?
clang: error: no input files
configure:2985: $? = 1
configure:3005: checking whether the C compiler works
configure:3027: gcc    conftest.c  >&5
configure:3031: $? = 0
configure:3079: result: yes
configure:3082: checking for C compiler default output file name
configure:3084: result: a.out
configure:3090: checking for suffix of executables
configure:3097: gcc -o conftest    conftest.c  >&5
configure:3101: $? = 0
configure:3123: result: 
configure:3145: checking whether we are cross compiling
configure:3153: gcc -o conftest    conftest.c  >&5
configure:3157: $? = 0
configure:3164: ./conftest
configure:3168: $? = 0
configure:3183: result: no
configure:3188: checking for suffix of object files
configure:3210: gcc -c   conftest.c >&5
configure:3214: $? = 0
configure:3235: result: o
configure:3239: checking whether we are using the GNU C compiler
configure:3258: gcc -c   conftest.c >&5
configure:3258: $? = 0
configure:3267: result: yes
configure:3276: checking whether gcc accepts -g
configure:3296: gcc -c -g  conftest.c >&5
configure:3296: $? = 0
configure:3337: result: yes
configure:3354: checking for gcc option to accept ISO C89
configure:3417: gcc  -c -g -O2  conftest.c >&5
configure:3417: $? = 0
configure:3430: result: none needed
configure:3455: checking whether gcc understands -c and -o together
configure:3477: gcc -c conftest.c -o conftest2.o
configure:3480: $? = 0
configure:3477: gcc -c conftest.c -o conftest2.o
configure:3480: $? = 0
configure:3492: result: yes
configure:3512: checking whether make supports the include directive
configure:3527: make -f confmf.GNU && cat confinc.out
this is the am__doit target
configure:3530: $? = 0
configure:3549: result: yes (GNU style)
configure:3574: checking dependency style of gcc
configure:3685: result: gcc3
configure:3758: checking for g++
configure:3774: found /usr/bin/g++
configure:3785: result: g++
configure:3812: checking for C++ compiler version
configure:3821: g++ --version >&5
Apple clang version 12.0.0 (clang-1200.0.32.2)
Target: x86_64-apple-darwin19.6.0
Thread model: posix
InstalledDir: /Applications/Xcode.app/Contents/Developer/Toolchains/XcodeDefault.xctoolchain/usr/bin
Configured with: --prefix=/Applications/Xcode.app/Contents/Developer/usr --with-gxx-include-dir=/Applications/Xcode.app/Contents/Developer/Platforms/MacOSX.platform/Developer/SDKs/MacOSX.sdk/usr/include/c++/4.2.1
configure:3832: $? = 0
configure:3821: g++ -v >&5
Configured with: --prefix=/Applications/Xcode.app/Contents/Developer/usr --with-gxx-include-dir=/Applications/Xcode.app/Contents/Developer/Platforms/MacOSX.platform/Developer/SDKs/MacOSX.sdk/usr/include/c++/4.2.1
Apple clang version 12.0.0 (clang-1200.0.32.2)
Target: x86_64-apple-darwin19.6.0
Thread model: posix
InstalledDir: /Applications/Xcode.app/Contents/Developer/Toolchains/XcodeDefault.xctoolchain/usr/bin
configure:3832: $? = 0
configure:3821: g++ -V >&5
clang: error: argument to '-V' is missing (expected 1 value)
clang: error: no input files
configure:3832: $? = 1
configure:3821: g++ -qversion >&5
clang: error: unknown argument '-qversion'; did you mean '--version'?
clang: error: no input files
configure:3832: $? = 1
configure:3836: checking whether we are using the GNU C++ compiler
configure:3855: g++ -c   conftest.cpp >&5
configure:3855: $? = 0
configure:3864: result: yes
configure:3873: checking whether g++ accepts -g
configure:3893: g++ -c -g  conftest.cpp >&5
configure:3893: $? = 0
configure:3934: result: yes
configure:3959: checking dependency style of g++
configure:4070: result: gcc3
configure:4087: checking for an ANSI C-conforming const
configure:4153: gcc -c -g -O2  conftest.c >&5
configure:4153: $? = 0
configure:4160: result: yes
configure:4168: checking for inline
configure:4184: gcc -c -g -O2  conftest.c >&5
configure:4184: $? = 0
configure:4192: result: inline
configure:4215: checking how to run the C preprocessor
configure:4246: gcc -E  conftest.c
configure:4246: $? = 0
configure:4260: gcc -E  conftest.c
conftest.c:11:10: fatal error: 'ac_nonexistent.h' file not found
#include <ac_nonexistent.h>
         ^~~~~~~~~~~~~~~~~~
1 error generated.
configure:4260: $? = 1
configure: failed program was:
| /* confdefs.h */
| #define PACKAGE_NAME "nova"
| #define PACKAGE_TARNAME "nova"
| #define PACKAGE_VERSION "0.1"
| #define PACKAGE_STRING "nova 0.1"
| #define PACKAGE_BUGREPORT "srihari.vishnu@gmail.com"
| #define PACKAGE_URL ""
| #define PACKAGE "nova"
| #define VERSION "0.1"
| /* end confdefs.h.  */
| #include <ac_nonexistent.h>
configure:4285: result: gcc -E
configure:4305: gcc -E  conftest.c
configure:4305: $? = 0
configure:4319: gcc -E  conftest.c
conftest.c:11:10: fatal error: 'ac_nonexistent.h' file not found
#include <ac_nonexistent.h>
         ^~~~~~~~~~~~~~~~~~
1 error generated.
configure:4319: $? = 1
configure: failed program was:
| /* confdefs.h */
| #define PACKAGE_NAME "nova"
| #define PACKAGE_TARNAME "nova"
| #define PACKAGE_VERSION "0.1"
| #define PACKAGE_STRING "nova 0.1"
| #define PACKAGE_BUGREPORT "srihari.vishnu@gmail.com"
| #define PACKAGE_URL ""
| #define PACKAGE "nova"
| #define VERSION "0.1"
| /* end confdefs.h.  */
| #include <ac_nonexistent.h>
configure:4348: checking for grep that handles long lines and -e
configure:4406: result: /usr/bin/grep
configure:4411: checking for egrep
configure:4473: result: /usr/bin/grep -E
configure:4478: checking for ANSI C header files
configure:4498: gcc -c -g -O2  conftest.c >&5
configure:4498: $? = 0
configure:4571: gcc -o conftest -g -O2   conftest.c  >&5
configure:4571: $? = 0
configure:4571: ./conftest
configure:4571: $? = 0
configure:4582: result: yes
configure:4595: checking for sys/types.h
configure:4595: gcc -c -g -O2  conftest.c >&5
configure:4595: $? = 0
configure:4595: result: yes
configure:4595: checking for sys/stat.h
configure:4595: gcc -c -g -O2  conftest.c >&5
configure:4595: $? = 0
configure:4595: result: yes
configure:4595: checking for stdlib.h
configure:4595: gcc -c -g -O2  conftest.c >&5
configure:4595: $? = 0
configure:4595: result: yes
configure:4595: checking for string.h
configure:4595: gcc -c -g -O2  conftest.c >&5
configure:4595: $? = 0
configure:4595: result: yes
configure:4595: checking for memory.h
configure:4595: gcc -c -g -O2  conftest.c >&5
configure:4595: $? = 0
configure:4595: result: yes
configure:4595: checking for strings.h
configure:4595: gcc -c -g -O2  conftest.c >&5
configure:4595: $? = 0
configure:4595: result: yes
configure:4595: checking for inttypes.h
configure:4595: gcc -c -g -O2  conftest.c >&5
configure:4595: $? = 0
configure:4595: result: yes
configure:4595: checking for stdint.h
configure:4595: gcc -c -g -O2  conftest.c >&5
configure:4595: $? = 0
configure:4595: result: yes
configure:4595: checking for unistd.h
configure:4595: gcc -c -g -O2  conftest.c >&5
configure:4595: $? = 0
configure:4595: result: yes
configure:4607: checking for size_t
configure:4607: gcc -c -g -O2  conftest.c >&5
configure:4607: $? = 0
configure:4607: gcc -c -g -O2  conftest.c >&5
conftest.c:57:21: error: expected expression
if (sizeof ((size_t)))
                    ^
1 error generated.
configure:4607: $? = 1
configure: failed program was:
| /* confdefs.h */
| #define PACKAGE_NAME "nova"
| #define PACKAGE_TARNAME "nova"
| #define PACKAGE_VERSION "0.1"
| #define PACKAGE_STRING "nova 0.1"
| #define PACKAGE_BUGREPORT "srihari.vishnu@gmail.com"
| #define PACKAGE_URL ""
| #define PACKAGE "nova"
| #define VERSION "0.1"
| #define STDC_HEADERS 1
| #define HAVE_SYS_TYPES_H 1
| #define HAVE_SYS_STAT_H 1
| #define HAVE_STDLIB_H 1
| #define HAVE_STRING_H 1
| #define HAVE_MEMORY_H 1
| #define HAVE_STRINGS_H 1
| #define HAVE_INTTYPES_H 1
| #define HAVE_STDINT_H 1
| #define HAVE_UNISTD_H 1
| /* end confdefs.h.  */
| #include <stdio.h>
| #ifdef HAVE_SYS_TYPES_H
| # include <sys/types.h>
| #endif
| #ifdef HAVE_SYS_STAT_H
| # include <sys/stat.h>
| #endif
| #ifdef STDC_HEADERS
| # include <stdlib.h>
| # include <stddef.h>
| #else
| # ifdef HAVE_STDLIB_H
| #  include <stdlib.h>
| # endif
| #endif
| #ifdef HAVE_STRING_H
| # if !defined STDC_HEADERS && defined HAVE_MEMORY_H
| #  include <memory.h>
| # endif
| # include <string.h>
| #endif
| #ifdef HAVE_STRINGS_H
| # include <strings.h>
| #endif
| #ifdef HAVE_INTTYPES_H
| # include <inttypes.h>
| #endif
| #ifdef HAVE_STDINT_H
| # include <stdint.h>
| #endif
| #ifdef HAVE_UNISTD_H
| # include <unistd.h>
| #endif
| int
| main ()
| {
| if (sizeof ((size_t)))
| 	    return 0;
|   ;
|   return 0;
| }
configure:4607: result: yes
configure:4767: checking that generated files are newer than configure
configure:4773: result: done
configure:4800: creating ./config.status

## ---------------- ##
## Cache variables. ##
## ---------------- ##

ac_cv_c_compiler_gnu=yes
ac_cv_c_const=yes
ac_cv_c_inline=inline
ac_cv_cxx_compiler_gnu=yes
ac_cv_env_CCC_set=
ac_cv_env_CCC_value=
ac_cv_env_CC_set=
ac_cv_env_CC_value=
ac_cv_env_CFLAGS_set=
ac_cv_env_CFLAGS_value=
ac_cv_env_CPPFLAGS_set=
ac_cv_env_CPPFLAGS_value=
ac_cv_env_CPP_set=
ac_cv_env_CPP_value=
ac_cv_env_CXXFLAGS_set=
ac_cv_env_CXXFLAGS_value=
ac_cv_env_CXX_set=
ac_cv_env_CXX_value=
ac_cv_env_LDFLAGS_set=
ac_cv_env_LDFLAGS_value=
ac_cv_env_LIBS_set=
ac_cv_env_LIBS_value=
ac_cv_env_build_alias_set=
ac_cv_env_build_alias_value=
ac_cv_env_host_alias_set=
ac_cv_env_host_alias_value=
ac_cv_env_target_alias_set=
ac_cv_env_target_alias_value=
ac_cv_header_inttypes_h=yes
ac_cv_header_memory_h=yes
ac_cv_header_stdc=yes
ac_cv_header_stdint_h=yes
ac_cv_header_stdlib_h=yes
ac_cv_header_string_h=yes
ac_cv_header_strings_h=yes
ac_cv_header_sys_stat_h=yes
ac_cv_header_sys_types_h=yes
ac_cv_header_unistd_h=yes
ac_cv_objext=o
ac_cv_path_EGREP='/usr/bin/grep -E'
ac_cv_path_GREP=/usr/bin/grep
ac_cv_path_install='/usr/bin/install -c'
ac_cv_prog_AWK=awk
ac_cv_prog_CPP='gcc -E'
ac_cv_prog_ac_ct_CC=gcc
ac_cv_prog_ac_ct_CXX=g++
ac_cv_prog_cc_c89=
ac_cv_prog_cc_g=yes
ac_cv_prog_cxx_g=yes
ac_cv_prog_make_make_set=yes
ac_cv_type_size_t=yes
am_cv_CC_dependencies_compiler_type=gcc3
am_cv_CXX_dependencies_compiler_type=gcc3
am_cv_make_support_nested_variables=yes
am_cv_prog_cc_c_o=yes

## ----------------- ##
## Output variables. ##
## ----------------- ##

ACLOCAL='${SHELL} /Users/sriharivishnu/Desktop/dev/Nova/config/missing aclocal-1.16'
AMDEPBACKSLASH='\'
AMDEP_FALSE='#'
AMDEP_TRUE=''
AMTAR='$${TAR-tar}'
AM_BACKSLASH='\'
AM_DEFAULT_V='$(AM_DEFAULT_VERBOSITY)'
AM_DEFAULT_VERBOSITY='1'
AM_V='$(V)'
AUTOCONF='${SHELL} /Users/sriharivishnu/Desktop/dev/Nova/config/missing autoconf'
AUTOHEADER='${SHELL} /Users/sriharivishnu/Desktop/dev/Nova/config/missing autoheader'
AUTOMAKE='${SHELL} /Users/sriharivishnu/Desktop/dev/Nova/config/missing automake-1.16'
AWK='awk'
CC='gcc'
CCDEPMODE='depmode=gcc3'
CFLAGS='-g -O2'
CPP='gcc -E'
CPPFLAGS=''
CXX='g++'
CXXDEPMODE='depmode=gcc3'
CXXFLAGS='-g -O2'
CYGPATH_W='echo'
DEFS='-DPACKAGE_NAME=\"nova\" -DPACKAGE_TARNAME=\"nova\" -DPACKAGE_VERSION=\"0.1\" -DPACKAGE_STRING=\"nova\ 0.1\" -DPACKAGE_BUGREPORT=\"srihari.vishnu@gmail.com\" -DPACKAGE_URL=\"\" -DPACKAGE=\"nova\" -DVERSION=\"0.1\" -DSTDC_HEADERS=1 -DHAVE_SYS_TYPES_H=1 -DHAVE_SYS_STAT_H=1 -DHAVE_STDLIB_H=1 -DHAVE_STRING_H=1 -DHAVE_MEMORY_H=1 -DHAVE_STRINGS_H=1 -DHAVE_INTTYPES_H=1 -DHAVE_STDINT_H=1 -DHAVE_UNISTD_H=1'
DEPDIR='.deps'
ECHO_C='\c'
ECHO_N=''
ECHO_T=''
EGREP='/usr/bin/grep -E'
EXEEXT=''
GREP='/usr/bin/grep'
INSTALL_DATA='${INSTALL} -m 644'
INSTALL_PROGRAM='${INSTALL}'
INSTALL_SCRIPT='${INSTALL}'
INSTALL_STRIP_PROGRAM='$(install_sh) -c -s'
LDFLAGS=''
LIBOBJS=''
LIBS=''
LTLIBOBJS=''
MAKEINFO='${SHELL} /Users/sriharivishnu/Desktop/dev/Nova/config/missing makeinfo'
MKDIR_P='config/install-sh -c -d'
OBJEXT='o'
PACKAGE='nova'
PACKAGE_BUGREPORT='srihari.vishnu@gmail.com'
PACKAGE_NAME='nova'
PACKAGE_STRING='nova 0.1'
PACKAGE_TARNAME='nova'
PACKAGE_URL=''
PACKAGE_VERSION='0.1'
PATH_SEPARATOR=':'
SET_MAKE=''
SHELL='/bin/sh'
STRIP=''
VERSION='0.1'
ac_ct_CC='gcc'
ac_ct_CXX='g++'
am__EXEEXT_FALSE=''
am__EXEEXT_TRUE='#'
am__fastdepCC_FALSE='#'
am__fastdepCC_TRUE=''
am__fastdepCXX_FALSE='#'
am__fastdepCXX_TRUE=''
am__include='include'
am__isrc=''
am__leading_dot='.'
am__nodep='_no'
am__quote=''
am__tar='$${TAR-tar} chof - "$$tardir"'
am__untar='$${TAR-tar} xf -'
bindir='${exec_prefix}/bin'
build_alias=''
datadir='${datarootdir}'
datarootdir='${prefix}/share'
docdir='${datarootdir}/doc/${PACKAGE_TARNAME}'
dvidir='${docdir}'
exec_prefix='${prefix}'
host_alias=''
htmldir='${docdir}'
includedir='${prefix}/include'
infodir='${datarootdir}/info'
install_sh='${SHELL} /Users/sriharivishnu/Desktop/dev/Nova/config/install-sh'
libdir='${exec_prefix}/lib'
libexecdir='${exec_prefix}/libexec'
localedir='${datarootdir}/locale'
localstatedir='${prefix}/var'
mandir='${datarootdir}/man'
mkdir_p='$(MKDIR_P)'
oldincludedir='/usr/include'
pdfdir='${docdir}'
prefix='/usr/local'
program_transform_name='s,x,x,'
psdir='${docdir}'
sbindir='${exec_prefix}/sbin'
sharedstatedir='${prefix}/com'
sysconfdir='${prefix}/etc'
target_alias=''

## ----------- ##
## confdefs.h. ##
## ----------- ##

/* confdefs.h */
#define PACKAGE_NAME "nova"
#define PACKAGE_TARNAME "nova"
#define PACKAGE_VERSION "0.1"
#define PACKAGE_STRING "nova 0.1"
#define PACKAGE_BUGREPORT "srihari.vishnu@gmail.com"
#define PACKAGE_URL ""
#define PACKAGE "nova"
#define VERSION "0.1"
#define STDC_HEADERS 1
#define HAVE_SYS_TYPES_H 1
#define HAVE_SYS_STAT_H 1
#define HAVE_STDLIB_H 1
#define HAVE_STRING_H 1
#define HAVE_MEMORY_H 1
#define HAVE_STRINGS_H 1
#define HAVE_INTTYPES_H 1
#define HAVE_STDINT_H 1
#define HAVE_UNISTD_H 1

configure: exit 0

## ---------------------- ##
## Running config.status. ##
## ---------------------- ##

This file was extended by nova config.status 0.1, which was
generated by GNU Autoconf 2.69.  Invocation command line was

  CONFIG_FILES    = 
  CONFIG_HEADERS  = 
  CONFIG_LINKS    = 
  CONFIG_COMMANDS = 
  $ ./config.status 

on Sriharis-MacBook-Pro.local

config.status:782: creating Makefile
config.status:954: executing depfiles commands
config.status:1031: cd .       && sed -e '/# am--include-marker/d' Makefile         | make -f - am--depfiles
make[1]: Nothing to be done for `am--depfiles'.
config.status:1036: $? = 0

## ---------------------- ##
## Running config.status. ##
## ---------------------- ##

This file was extended by nova config.status 0.1, which was
generated by GNU Autoconf 2.69.  Invocation command line was

  CONFIG_FILES    = 
  CONFIG_HEADERS  = 
  CONFIG_LINKS    = 
  CONFIG_COMMANDS = 
  $ ./config.status Makefile depfiles

on Sriharis-MacBook-Pro.local

config.status:782: creating Makefile
config.status:954: executing depfiles commands
config.status:1031: cd .       && sed -e '/# am--include-marker/d' Makefile         | make -f - am--depfiles
make[1]: Nothing to be done for `am--depfiles'.
config.status:1036: $? = 0

## ---------------------- ##
## Running config.status. ##
## ---------------------- ##

This file was extended by nova config.status 0.1, which was
generated by GNU Autoconf 2.69.  Invocation command line was

  CONFIG_FILES    = 
  CONFIG_HEADERS  = 
  CONFIG_LINKS    = 
  CONFIG_COMMANDS = 
  $ ./config.status Makefile depfiles

on Sriharis-MacBook-Pro.local

config.status:782: creating Makefile
config.status:954: executing depfiles commands
config.status:1031: cd .       && sed -e '/# am--include-marker/d' Makefile         | make -f - am--depfiles
make[1]: Nothing to be done for `am--depfiles'.
config.status:1036: $? = 0

## ---------------------- ##
## Running config.status. ##
## ---------------------- ##

This file was extended by nova config.status 0.1, which was
generated by GNU Autoconf 2.69.  Invocation command line was

  CONFIG_FILES    = 
  CONFIG_HEADERS  = 
  CONFIG_LINKS    = 
  CONFIG_COMMANDS = 
  $ ./config.status Makefile depfiles

on Sriharis-MacBook-Pro.local

config.status:782: creating Makefile
config.status:954: executing depfiles commands
config.status:1031: cd .       && sed -e '/# am--include-marker/d' Makefile         | make -f - am--depfiles
make[1]: Nothing to be done for `am--depfiles'.
config.status:1036: $? = 0
